
--------------------------------------------------------------------------------

Program: 
Started: 22:08:01 31-Jul-2023

ASCII Translate

Command Line: /inp=D:/00_CAE_project/202306_01_VirtualStrain_SHEEL/T_result.csv /conv=TimeSeries /SetupFile=D:\github\TclPyHyperWorks\01.Project\03.HG2D_Modal_Stress_Super\RSP_1V1.ats /prog=1

Batch Job Completed Successfully

Batch job completed OK

--------------------------------------------------------------------------------

Program: 
Started: 22:11:24 31-Jul-2023

ASCII Translate

Command Line: /inp=D:/00_CAE_project/202306_01_VirtualStrain_SHEEL/T_result.csv /conv=TimeSeries /SetupFile=D:\github\TclPyHyperWorks\01.Project\03.HG2D_Modal_Stress_Super\RSP_1V1.ats /prog=1

Batch job failed while translating the ascii input file
Translation of Ascii input file failed
Location: NATAsciiReader::TranslateFile
Code: 0x01090643
Conversion of Ascii input file to time series failed
Location: NATAsciiReader::TranslateToTimeSeries
Code: 0x01090649
Files already exist for test : d:\00_CAE_project\202306_01_VirtualStrain_SHEEL\T_result.rsp
Location: NATAsciiReader::CheckOverwrite
Code: 0x01090653

 ** Batch job FAILED

--------------------------------------------------------------------------------

Program: 
Started: 22:15:08 31-Jul-2023

ASCII Translate

Command Line: /inp=D:/00_CAE_project/202306_01_VirtualStrain_SHEEL/T_result.csv /conv=TimeSeries /SetupFile=D:\github\TclPyHyperWorks\01.Project\03.HG2D_Modal_Stress_Super\RSP_1V1.ats /prog=1

Batch job failed while translating the ascii input file
Translation of Ascii input file failed
Location: NATAsciiReader::TranslateFile
Code: 0x01090643
Conversion of Ascii input file to time series failed
Location: NATAsciiReader::TranslateToTimeSeries
Code: 0x01090649
Files already exist for test : d:\00_CAE_project\202306_01_VirtualStrain_SHEEL\T_result.rsp
Location: NATAsciiReader::CheckOverwrite
Code: 0x01090653

 ** Batch job FAILED

--------------------------------------------------------------------------------

Program: 
Started: 22:19:45 31-Jul-2023

ASCII Translate

Command Line: /inp=D:/00_CAE_project/202306_01_VirtualStrain_SHEEL/T_result.csv /conv=TimeSeries /SetupFile=D:\github\TclPyHyperWorks\01.Project\03.HG2D_Modal_Stress_Super\RSP_1V1.ats /prog=1

Batch job failed while translating the ascii input file
Translation of Ascii input file failed
Location: NATAsciiReader::TranslateFile
Code: 0x01090643
Conversion of Ascii input file to time series failed
Location: NATAsciiReader::TranslateToTimeSeries
Code: 0x01090649
Files already exist for test : d:\00_CAE_project\202306_01_VirtualStrain_SHEEL\T_result.rsp
Location: NATAsciiReader::CheckOverwrite
Code: 0x01090653

 ** Batch job FAILED

--------------------------------------------------------------------------------

Program: 
Started: 22:48:02 31-Jul-2023

ASCII Translate

Command Line: /inp=D:/00_CAE_project/202306_01_VirtualStrain_SHEEL/T_result.csv /conv=TimeSeries /SetupFile=D:\github\TclPyHyperWorks\01.Project\03.HG2D_Modal_Stress_Super\RSP_1V1.ats /prog=1

Batch job failed while translating the ascii input file
Translation of Ascii input file failed
Location: NATAsciiReader::TranslateFile
Code: 0x01090643
Conversion of Ascii input file to time series failed
Location: NATAsciiReader::TranslateToTimeSeries
Code: 0x01090649
Files already exist for test : d:\00_CAE_project\202306_01_VirtualStrain_SHEEL\T_result.rsp
Location: NATAsciiReader::CheckOverwrite
Code: 0x01090653

 ** Batch job FAILED

--------------------------------------------------------------------------------

Program: 
Started: 21:23:21 01-Aug-2023

ASCII Translate

Command Line: /inp=D:/00_CAE_project/202306_01_VirtualStrain_SHEEL/T_result.csv /conv=TimeSeries /SetupFile=D:\github\TclPyHyperWorks\01.Project\03.HG2D_Modal_Stress_Super\RSP_1V1.ats /prog=1

Batch job failed while translating the ascii input file
Translation of Ascii input file failed
Location: NATAsciiReader::TranslateFile
Code: 0x01090643
Conversion of Ascii input file to time series failed
Location: NATAsciiReader::TranslateToTimeSeries
Code: 0x01090649
Files already exist for test : d:\00_CAE_project\202306_01_VirtualStrain_SHEEL\T_result.rsp
Location: NATAsciiReader::CheckOverwrite
Code: 0x01090653

 ** Batch job FAILED

--------------------------------------------------------------------------------

Program: 
Started: 22:20:17 01-Aug-2023

ASCII Translate

Command Line: /inp=D:/00_CAE_project/202306_01_VirtualStrain_SHEEL/T_result.csv /conv=TimeSeries /SetupFile=D:\github\TclPyHyperWorks\01.Project\03.HG2D_Modal_Stress_Super\RSP_1V1.ats /prog=1

Batch job failed while translating the ascii input file
Translation of Ascii input file failed
Location: NATAsciiReader::TranslateFile
Code: 0x01090643
Conversion of Ascii input file to time series failed
Location: NATAsciiReader::TranslateToTimeSeries
Code: 0x01090649
Files already exist for test : d:\00_CAE_project\202306_01_VirtualStrain_SHEEL\T_result.rsp
Location: NATAsciiReader::CheckOverwrite
Code: 0x01090653

 ** Batch job FAILED

--------------------------------------------------------------------------------

Program: 
Started: 22:20:43 01-Aug-2023

ASCII Translate

Command Line: /inp=D:/00_CAE_project/202308_01_VirtualStrain_SHEEL/T-TEST1.csv /conv=TimeSeries /SetupFile=D:\github\TclPyHyperWorks\01.Project\03.HG2D_Modal_Stress_Super\RSP_1V1.ats /prog=1

Batch Job Completed Successfully

Batch job completed OK

--------------------------------------------------------------------------------

Program: 
Started: 22:33:32 01-Aug-2023

ASCII Translate

Command Line: /inp=D:/00_CAE_project/202308_01_VirtualStrain_SHEEL/T-TEST1.csv /conv=TimeSeries /SetupFile=D:\github\TclPyHyperWorks\01.Project\03.HG2D_Modal_Stress_Super\RSP_1V1.ats /prog=1

Batch job failed while translating the ascii input file
Translation of Ascii input file failed
Location: NATAsciiReader::TranslateFile
Code: 0x01090643
Conversion of Ascii input file to time series failed
Location: NATAsciiReader::TranslateToTimeSeries
Code: 0x01090649
Files already exist for test : d:\00_CAE_project\202308_01_VirtualStrain_SHEEL\T-TEST1.rsp
Location: NATAsciiReader::CheckOverwrite
Code: 0x01090653

 ** Batch job FAILED

--------------------------------------------------------------------------------

Program: 
Started: 22:44:55 01-Aug-2023

ASCII Translate

Command Line: /inp=D:/00_CAE_project/202308_01_VirtualStrain_SHEEL/T-TEST1-02.csv /conv=TimeSeries /SetupFile=D:\github\TclPyHyperWorks\01.Project\03.HG2D_Modal_Stress_Super\RSP_1V1.ats /prog=1

Batch Job Completed Successfully

Batch job completed OK

--------------------------------------------------------------------------------

Program: 
Started: 22:55:40 01-Aug-2023

ASCII Translate

Command Line: /inp=D:/00_CAE_project/202308_01_VirtualStrain_SHEEL/T-TEST1-m10.csv /conv=TimeSeries /SetupFile=D:\github\TclPyHyperWorks\01.Project\03.HG2D_Modal_Stress_Super\RSP_1V1.ats /prog=1

Batch Job Completed Successfully

Batch job completed OK

--------------------------------------------------------------------------------

Program: 
Started: 23:11:46 01-Aug-2023

ASCII Translate

Command Line: /inp=D:/00_CAE_project/202308_01_VirtualStrain_SHEEL/T-TEST1-m28.csv /conv=TimeSeries /SetupFile=D:\github\TclPyHyperWorks\01.Project\03.HG2D_Modal_Stress_Super\RSP_1V1.ats /prog=1

Batch Job Completed Successfully

Batch job completed OK

--------------------------------------------------------------------------------

Program: 
Started: 23:25:56 01-Aug-2023

ASCII Translate

Command Line: /inp=D:/00_CAE_project/202308_01_VirtualStrain_SHEEL/T-TEST1-m28-R.csv /conv=TimeSeries /SetupFile=D:\github\TclPyHyperWorks\01.Project\03.HG2D_Modal_Stress_Super\RSP_1V1.ats /prog=1

Batch Job Completed Successfully

Batch job completed OK

--------------------------------------------------------------------------------

Program: 
Started: 23:28:04 01-Aug-2023

ASCII Translate

Command Line: /inp=D:/00_CAE_project/202308_01_VirtualStrain_SHEEL/T-TEST1-m28.csv /conv=TimeSeries /SetupFile=D:\github\TclPyHyperWorks\01.Project\03.HG2D_Modal_Stress_Super\RSP_1V1.ats /prog=1

Batch job failed while translating the ascii input file
Translation of Ascii input file failed
Location: NATAsciiReader::TranslateFile
Code: 0x01090643
Conversion of Ascii input file to time series failed
Location: NATAsciiReader::TranslateToTimeSeries
Code: 0x01090649
Files already exist for test : d:\00_CAE_project\202308_01_VirtualStrain_SHEEL\T-TEST1-m28.rsp
Location: NATAsciiReader::CheckOverwrite
Code: 0x01090653

 ** Batch job FAILED

--------------------------------------------------------------------------------

Program: 
Started: 23:29:02 01-Aug-2023

ASCII Translate

Command Line: /inp=D:/00_CAE_project/202308_01_VirtualStrain_SHEEL/T-TEST1-m28.csv /conv=TimeSeries /SetupFile=D:\github\TclPyHyperWorks\01.Project\03.HG2D_Modal_Stress_Super\RSP_1V1.ats /prog=1

Batch Job Completed Successfully

Batch job completed OK

--------------------------------------------------------------------------------

Program: 
Started: 23:30:19 01-Aug-2023

ASCII Translate

Command Line: /inp=D:/00_CAE_project/202308_01_VirtualStrain_SHEEL/T-TEST1-m10.csv /conv=TimeSeries /SetupFile=D:\github\TclPyHyperWorks\01.Project\03.HG2D_Modal_Stress_Super\RSP_1V1.ats /prog=1

Batch Job Completed Successfully

Batch job completed OK

--------------------------------------------------------------------------------

Program: 
Started: 23:32:26 01-Aug-2023

ASCII Translate

Command Line: /inp=D:/00_CAE_project/202308_01_VirtualStrain_SHEEL/T-TEST1-m2.csv /conv=TimeSeries /SetupFile=D:\github\TclPyHyperWorks\01.Project\03.HG2D_Modal_Stress_Super\RSP_1V1.ats /prog=1

Batch Job Completed Successfully

Batch job completed OK

--------------------------------------------------------------------------------

Program: 
Started: 21:56:12 04-Jul-2024

ASCII Translate

Command Line: /inp=D:/00_CAE_project/202308_01_VirtualStrain_SHEEL/T-TEST1-m2.csv /conv=TimeSeries /SetupFile=D:\github\TclPyHyperWorks\01.Project\03.HG2D_Modal_Stress_Super\RSP_1V1.ats /prog=1

Batch job failed while translating the ascii input file
Translation of Ascii input file failed
Location: NATAsciiReader::TranslateFile
Code: 0x01090643
Conversion of Ascii input file to time series failed
Location: NATAsciiReader::TranslateToTimeSeries
Code: 0x01090649
Files already exist for test : d:\00_CAE_project\202308_01_VirtualStrain_SHEEL\T-TEST1-m2.rsp
Location: NATAsciiReader::CheckOverwrite
Code: 0x01090653

 ** Batch job FAILED

--------------------------------------------------------------------------------

Program: 
Started: 22:15:38 04-Jul-2024

ASCII Translate

Command Line: /inp=D:/00_CAE_project/202308_01_VirtualStrain_SHEEL/T-TEST1-m2.csv /conv=TimeSeries /SetupFile=D:\github\TclPyHyperWorks\01.Project\03.HG2D_Modal_Stress_Super\RSP_1V1.ats /prog=1

Batch job failed while translating the ascii input file
Translation of Ascii input file failed
Location: NATAsciiReader::TranslateFile
Code: 0x01090643
Conversion of Ascii input file to time series failed
Location: NATAsciiReader::TranslateToTimeSeries
Code: 0x01090649
Files already exist for test : d:\00_CAE_project\202308_01_VirtualStrain_SHEEL\T-TEST1-m2.rsp
Location: NATAsciiReader::CheckOverwrite
Code: 0x01090653

 ** Batch job FAILED

--------------------------------------------------------------------------------

Program: 
Started: 22:24:42 04-Jul-2024

ASCII Translate

Command Line: /inp=D:/00_CAE_project/202308_01_VirtualStrain_SHEEL/T-TEST1-m2.csv /conv=TimeSeries /SetupFile=D:\github\TclPyHyperWorks\01.Project\03.HG2D_Modal_Stress_Super\RSP_1V1.ats /prog=1

Batch job failed while translating the ascii input file
Translation of Ascii input file failed
Location: NATAsciiReader::TranslateFile
Code: 0x01090643
Conversion of Ascii input file to time series failed
Location: NATAsciiReader::TranslateToTimeSeries
Code: 0x01090649
Files already exist for test : d:\00_CAE_project\202308_01_VirtualStrain_SHEEL\T-TEST1-m2.rsp
Location: NATAsciiReader::CheckOverwrite
Code: 0x01090653

 ** Batch job FAILED

--------------------------------------------------------------------------------

Program: 
Started: 22:57:58 04-Jul-2024

ASCII Translate

Command Line: /inp=D:/00_CAE_project/202308_01_VirtualStrain_SHEEL/T-TEST1-m2.csv /conv=TimeSeries /SetupFile=D:\github\TclPyHyperWorks\01.Project\03.HG2D_Modal_Stress_Super\RSP_1V1.ats /prog=1

Batch job failed while translating the ascii input file
Translation of Ascii input file failed
Location: NATAsciiReader::TranslateFile
Code: 0x01090643
Conversion of Ascii input file to time series failed
Location: NATAsciiReader::TranslateToTimeSeries
Code: 0x01090649
Files already exist for test : d:\00_CAE_project\202308_01_VirtualStrain_SHEEL\T-TEST1-m2.rsp
Location: NATAsciiReader::CheckOverwrite
Code: 0x01090653

 ** Batch job FAILED

--------------------------------------------------------------------------------

Program: 
Started: 23:09:18 04-Jul-2024

ASCII Translate

Command Line: /inp=D:/00_CAE_project/202308_01_VirtualStrain_SHEEL/T-TEST1-m2.csv /conv=TimeSeries /SetupFile=D:\github\TclPyHyperWorks\01.Project\03.HG2D_Modal_Stress_Super\RSP_1V1.ats /prog=1

Batch job failed while translating the ascii input file
Translation of Ascii input file failed
Location: NATAsciiReader::TranslateFile
Code: 0x01090643
Conversion of Ascii input file to time series failed
Location: NATAsciiReader::TranslateToTimeSeries
Code: 0x01090649
Files already exist for test : d:\00_CAE_project\202308_01_VirtualStrain_SHEEL\T-TEST1-m2.rsp
Location: NATAsciiReader::CheckOverwrite
Code: 0x01090653

 ** Batch job FAILED

--------------------------------------------------------------------------------

Program: 
Started: 23:09:39 04-Jul-2024

ASCII Translate

Command Line: /inp=D:/00_CAE_project/202308_01_VirtualStrain_SHEEL/T-TEST1-m2.csv /conv=TimeSeries /SetupFile=D:\github\TclPyHyperWorks\01.Project\03.HG2D_Modal_Stress_Super\RSP_1V1.ats /prog=1

Batch job failed while translating the ascii input file
Translation of Ascii input file failed
Location: NATAsciiReader::TranslateFile
Code: 0x01090643
Conversion of Ascii input file to time series failed
Location: NATAsciiReader::TranslateToTimeSeries
Code: 0x01090649
Files already exist for test : d:\00_CAE_project\202308_01_VirtualStrain_SHEEL\T-TEST1-m2.rsp
Location: NATAsciiReader::CheckOverwrite
Code: 0x01090653

 ** Batch job FAILED

--------------------------------------------------------------------------------

Program: 
Started: 23:31:21 04-Jul-2024

ASCII Translate

Command Line: /inp=D:/00_CAE_project/202308_01_VirtualStrain_SHEEL/T-TEST1-m2.csv /conv=TimeSeries /SetupFile=D:\github\TclPyHyperWorks\01.Project\03.HG2D_Modal_Stress_Super\RSP_1V1.ats /prog=1

Batch job failed while translating the ascii input file
Translation of Ascii input file failed
Location: NATAsciiReader::TranslateFile
Code: 0x01090643
Conversion of Ascii input file to time series failed
Location: NATAsciiReader::TranslateToTimeSeries
Code: 0x01090649
Files already exist for test : d:\00_CAE_project\202308_01_VirtualStrain_SHEEL\T-TEST1-m2.rsp
Location: NATAsciiReader::CheckOverwrite
Code: 0x01090653

 ** Batch job FAILED

--------------------------------------------------------------------------------

Program: 
Started: 23:40:38 04-Jul-2024

ASCII Translate

Command Line: /inp=D:/00_CAE_project/202308_01_VirtualStrain_SHEEL/T-TEST1-m2.csv /conv=TimeSeries /SetupFile=D:\github\TclPyHyperWorks\01.Project\03.HG2D_Modal_Stress_Super\RSP_1V1.ats /prog=1

Batch job failed while translating the ascii input file
Translation of Ascii input file failed
Location: NATAsciiReader::TranslateFile
Code: 0x01090643
Conversion of Ascii input file to time series failed
Location: NATAsciiReader::TranslateToTimeSeries
Code: 0x01090649
Files already exist for test : d:\00_CAE_project\202308_01_VirtualStrain_SHEEL\T-TEST1-m2.rsp
Location: NATAsciiReader::CheckOverwrite
Code: 0x01090653

 ** Batch job FAILED

--------------------------------------------------------------------------------

Program: 
Started: 23:45:21 04-Jul-2024

ASCII Translate

Command Line: /inp=D:/00_CAE_project/202308_01_VirtualStrain_SHEEL/T-TEST1-m2.csv /conv=TimeSeries /SetupFile=D:\github\TclPyHyperWorks\01.Project\03.HG2D_Modal_Stress_Super\RSP_1V1.ats /prog=1

Batch job failed while translating the ascii input file
Translation of Ascii input file failed
Location: NATAsciiReader::TranslateFile
Code: 0x01090643
Conversion of Ascii input file to time series failed
Location: NATAsciiReader::TranslateToTimeSeries
Code: 0x01090649
Files already exist for test : d:\00_CAE_project\202308_01_VirtualStrain_SHEEL\T-TEST1-m2.rsp
Location: NATAsciiReader::CheckOverwrite
Code: 0x01090653

 ** Batch job FAILED

--------------------------------------------------------------------------------

Program: 
Started: 00:38:28 05-Jul-2024

ASCII Translate

Command Line: /inp=D:/00_CAE_project/202308_01_VirtualStrain_SHEEL/circle1_m2/T-TEST1-m2-circle1.csv /conv=TimeSeries /SetupFile=D:\github\TclPyHyperWorks\01.Project\03.HG2D_Modal_Stress_Super\RSP_1V1.ats /prog=1

Batch Job Completed Successfully

Batch job completed OK

--------------------------------------------------------------------------------

Program: 
Started: 00:48:29 05-Jul-2024

ASCII Translate

Command Line: /inp=D:/00_CAE_project/202308_01_VirtualStrain_SHEEL/circle1_m2/T-TEST1-m2-circle1.csv /conv=TimeSeries /SetupFile=D:\github\TclPyHyperWorks\01.Project\03.HG2D_Modal_Stress_Super\RSP_1V1.ats /prog=1

Batch job failed while translating the ascii input file
Translation of Ascii input file failed
Location: NATAsciiReader::TranslateFile
Code: 0x01090643
Conversion of Ascii input file to time series failed
Location: NATAsciiReader::TranslateToTimeSeries
Code: 0x01090649
Files already exist for test : d:\00_CAE_project\202308_01_VirtualStrain_SHEEL\circle1_m2\T-TEST1-m2-circle1.rsp
Location: NATAsciiReader::CheckOverwrite
Code: 0x01090653

 ** Batch job FAILED

--------------------------------------------------------------------------------

Program: 
Started: 00:57:54 05-Jul-2024

ASCII Translate

Command Line: /inp=D:/00_CAE_project/202308_01_VirtualStrain_SHEEL/T-TEST1-m2.csv /conv=TimeSeries /SetupFile=D:\github\TclPyHyperWorks\01.Project\03.HG2D_Modal_Stress_Super\RSP_1V1.ats /prog=1

Batch job failed while translating the ascii input file
Translation of Ascii input file failed
Location: NATAsciiReader::TranslateFile
Code: 0x01090643
Conversion of Ascii input file to time series failed
Location: NATAsciiReader::TranslateToTimeSeries
Code: 0x01090649
Files already exist for test : d:\00_CAE_project\202308_01_VirtualStrain_SHEEL\T-TEST1-m2.rsp
Location: NATAsciiReader::CheckOverwrite
Code: 0x01090653

 ** Batch job FAILED

--------------------------------------------------------------------------------

Program: 
Started: 00:58:25 05-Jul-2024

ASCII Translate

Command Line: /inp=D:/00_CAE_project/202308_01_VirtualStrain_SHEEL/T-TEST1-m2.csv /conv=TimeSeries /SetupFile=D:\github\TclPyHyperWorks\01.Project\03.HG2D_Modal_Stress_Super\RSP_1V1.ats /prog=1

Batch job failed while translating the ascii input file
Translation of Ascii input file failed
Location: NATAsciiReader::TranslateFile
Code: 0x01090643
Conversion of Ascii input file to time series failed
Location: NATAsciiReader::TranslateToTimeSeries
Code: 0x01090649
Files already exist for test : d:\00_CAE_project\202308_01_VirtualStrain_SHEEL\T-TEST1-m2.rsp
Location: NATAsciiReader::CheckOverwrite
Code: 0x01090653

 ** Batch job FAILED

--------------------------------------------------------------------------------

Program: 
Started: 01:01:19 05-Jul-2024

ASCII Translate

Command Line: /inp=D:/00_CAE_project/202308_01_VirtualStrain_SHEEL/T-TEST1-m2.csv /conv=TimeSeries /SetupFile=D:\github\TclPyHyperWorks\01.Project\03.HG2D_Modal_Stress_Super\RSP_1V1.ats /prog=1

Batch job failed while translating the ascii input file
Translation of Ascii input file failed
Location: NATAsciiReader::TranslateFile
Code: 0x01090643
Conversion of Ascii input file to time series failed
Location: NATAsciiReader::TranslateToTimeSeries
Code: 0x01090649
Files already exist for test : d:\00_CAE_project\202308_01_VirtualStrain_SHEEL\T-TEST1-m2.rsp
Location: NATAsciiReader::CheckOverwrite
Code: 0x01090653

 ** Batch job FAILED

--------------------------------------------------------------------------------

Program: 
Started: 01:02:02 05-Jul-2024

ASCII Translate

Command Line: /inp=D:/00_CAE_project/202308_01_VirtualStrain_SHEEL/T-TEST1-m2.csv /conv=TimeSeries /SetupFile=D:\github\TclPyHyperWorks\01.Project\03.HG2D_Modal_Stress_Super\RSP_1V1.ats /prog=1

Batch job failed while translating the ascii input file
Translation of Ascii input file failed
Location: NATAsciiReader::TranslateFile
Code: 0x01090643
Conversion of Ascii input file to time series failed
Location: NATAsciiReader::TranslateToTimeSeries
Code: 0x01090649
Files already exist for test : d:\00_CAE_project\202308_01_VirtualStrain_SHEEL\T-TEST1-m2.rsp
Location: NATAsciiReader::CheckOverwrite
Code: 0x01090653

 ** Batch job FAILED

--------------------------------------------------------------------------------

Program: 
Started: 01:18:58 05-Jul-2024

ASCII Translate

Command Line: /inp=D:/00_CAE_project/202308_01_VirtualStrain_SHEEL/lca_flexbody_50_xy_data.txt.A_modal_coordinate_7_34.rsp.result.csv /conv=TimeSeries /SetupFile=D:\github\TclPyHyperWorks\01.Project\03.HG2D_Modal_Stress_Super\RSP_1V1.ats /prog=1

Batch job failed while translating the ascii input file
Translation of Ascii input file failed
Location: NATAsciiReader::TranslateFile
Code: 0x01090643
File: D:/00_CAE_project/202308_01_VirtualStrain_SHEEL/lca_flexbody_50_xy_data.txt.A_modal_coordinate_7_34.rsp.result.csv
File does not exist
系统找不到指定的文件。 
Location: NCIo::Open
Code: 0x0001000b
Op Sys Code: 2

 ** Batch job FAILED

--------------------------------------------------------------------------------

Program: 
Started: 01:23:23 05-Jul-2024

ASCII Translate

Command Line: /inp=D:/00_CAE_project/202308_01_VirtualStrain_SHEEL/SignVonmises/test_signVonmises_m2_A_modal_coordinate_7_34.rsp.csv /conv=TimeSeries /SetupFile=D:\github\TclPyHyperWorks\01.Project\03.HG2D_Modal_Stress_Super\RSP_1V1.ats /prog=1

Batch Job Completed Successfully

Batch job completed OK

--------------------------------------------------------------------------------

Program: 
Started: 01:34:57 05-Jul-2024

ASCII Translate

Command Line: /inp=D:/00_CAE_project/202308_01_VirtualStrain_SHEEL/SignVonmises/test_signVonmises_m2_A_modal_coordinate_7_34.rsp.csv /conv=TimeSeries /SetupFile=D:\github\TclPyHyperWorks\01.Project\03.HG2D_Modal_Stress_Super\RSP_1V1.ats /prog=1

Batch job failed while translating the ascii input file
Translation of Ascii input file failed
Location: NATAsciiReader::TranslateFile
Code: 0x01090643
Conversion of Ascii input file to time series failed
Location: NATAsciiReader::TranslateToTimeSeries
Code: 0x01090649
Files already exist for test : d:\00_CAE_project\202308_01_VirtualStrain_SHEEL\SignVonmises\test_signVonmises_m2_A_modal_coordinate_7_34.rsp
Location: NATAsciiReader::CheckOverwrite
Code: 0x01090653

 ** Batch job FAILED

--------------------------------------------------------------------------------

Program: 
Started: 20:05:03 05-Jul-2024

ASCII Translate

Command Line: /inp=D:/00_CAE_project/202308_01_VirtualStrain_SHEEL/T-TEST1-m28.csv /conv=TimeSeries /SetupFile=D:\github\TclPyHyperWorks\01.Project\03.HG2D_Modal_Stress_Super\RSP_1V1.ats /prog=1

Batch job failed while translating the ascii input file
Translation of Ascii input file failed
Location: NATAsciiReader::TranslateFile
Code: 0x01090643
Conversion of Ascii input file to time series failed
Location: NATAsciiReader::TranslateToTimeSeries
Code: 0x01090649
Files already exist for test : d:\00_CAE_project\202308_01_VirtualStrain_SHEEL\T-TEST1-m28.rsp
Location: NATAsciiReader::CheckOverwrite
Code: 0x01090653

 ** Batch job FAILED

--------------------------------------------------------------------------------

Program: 
Started: 20:06:59 05-Jul-2024

ASCII Translate

Command Line: /inp=D:/00_CAE_project/202308_01_VirtualStrain_SHEEL/T-TEST1-m28.csv /conv=TimeSeries /SetupFile=D:\github\TclPyHyperWorks\01.Project\03.HG2D_Modal_Stress_Super\RSP_1V1.ats /prog=1

Batch job failed while translating the ascii input file
Translation of Ascii input file failed
Location: NATAsciiReader::TranslateFile
Code: 0x01090643
Conversion of Ascii input file to time series failed
Location: NATAsciiReader::TranslateToTimeSeries
Code: 0x01090649
Files already exist for test : d:\00_CAE_project\202308_01_VirtualStrain_SHEEL\T-TEST1-m28.rsp
Location: NATAsciiReader::CheckOverwrite
Code: 0x01090653

 ** Batch job FAILED

--------------------------------------------------------------------------------

Program: 
Started: 20:07:36 05-Jul-2024

ASCII Translate

Command Line: /inp=D:/00_CAE_project/202308_01_VirtualStrain_SHEEL/T-TEST1-m28.csv /conv=TimeSeries /SetupFile=D:\github\TclPyHyperWorks\01.Project\03.HG2D_Modal_Stress_Super\RSP_1V1.ats /prog=1

Batch Job Completed Successfully

Batch job completed OK

--------------------------------------------------------------------------------

Program: 
Started: 21:10:05 05-Jul-2024

ASCII Translate

Command Line: /inp=D:/00_CAE_project/202407_01_VirtualStrain_SHEEL/result_gauge_1000_x.csv /conv=TimeSeries /SetupFile=D:\github\TclPyHyperWorks\01.Project\03.HG2D_Modal_Stress_Super\RSP_1V1.ats /prog=1

Batch Job Completed Successfully

Batch job completed OK

--------------------------------------------------------------------------------

Program: 
Started: 21:45:35 05-Jul-2024

ASCII Translate

Command Line: /inp=D:/00_CAE_project/202407_01_VirtualStrain_SHEEL/result_gauge_1000_Y.csv /conv=TimeSeries /SetupFile=D:\github\TclPyHyperWorks\01.Project\03.HG2D_Modal_Stress_Super\RSP_1V1.ats /prog=1

Batch Job Completed Successfully

Batch job completed OK

--------------------------------------------------------------------------------

Program: 
Started: 21:47:07 05-Jul-2024

ASCII Translate

Command Line: /inp=D:/00_CAE_project/202407_01_VirtualStrain_SHEEL/result_gauge_1000_Z.csv /conv=TimeSeries /SetupFile=D:\github\TclPyHyperWorks\01.Project\03.HG2D_Modal_Stress_Super\RSP_1V1.ats /prog=1

Batch Job Completed Successfully

Batch job completed OK

--------------------------------------------------------------------------------

Program: 
Started: 23:30:59 05-Jul-2024

ASCII Translate

Command Line: /inp=D:/00_CAE_project/202407_01_VirtualStrain_SHEEL/result_gauge_1000_svm_A_modal_coordinate_7_34.rsp.csv /conv=TimeSeries /SetupFile=D:\github\TclPyHyperWorks\01.Project\03.HG2D_Modal_Stress_Super\RSP_1V1.ats /prog=1

Batch Job Completed Successfully

Batch job completed OK

--------------------------------------------------------------------------------

Program: 
Started: 23:37:48 05-Jul-2024

ASCII Translate

Command Line: /inp=D:/00_CAE_project/202407_01_VirtualStrain_SHEEL/result_gauge_1000_svm01_A_modal_coordinate_7_34.rsp.csv /conv=TimeSeries /SetupFile=D:\github\TclPyHyperWorks\01.Project\03.HG2D_Modal_Stress_Super\RSP_1V1.ats /prog=1

Batch Job Completed Successfully

Batch job completed OK

--------------------------------------------------------------------------------

Program: 
Started: 21:23:15 08-Jul-2024

ASCII Translate

Command Line: /inp=D:/00_CAE_project/202407_01_VirtualStrain_SHEEL/result_gauge_5000_x.csv /conv=TimeSeries /SetupFile=D:\github\TclPyHyperWorks\01.Project\03.HG2D_Modal_Stress_Super\RSP_1V1.ats /prog=1

Batch Job Completed Successfully

Batch job completed OK

--------------------------------------------------------------------------------

Program: 
Started: 21:25:43 08-Jul-2024

ASCII Translate

Command Line: /inp=D:/00_CAE_project/202407_02_VirtualStrain_SHEEL/result_gauge_5000_x.csv /conv=TimeSeries /SetupFile=D:\github\TclPyHyperWorks\01.Project\03.HG2D_Modal_Stress_Super\RSP_1V1.ats /prog=1

Batch Job Completed Successfully

Batch job completed OK

--------------------------------------------------------------------------------

Program: 
Started: 21:39:22 08-Jul-2024

ASCII Translate

Command Line: /inp=D:/00_CAE_project/202407_02_VirtualStrain_SHEEL/result_gauge_5000_x.csv /conv=TimeSeries /SetupFile=D:\github\TclPyHyperWorks\01.Project\03.HG2D_Modal_Stress_Super\RSP_1V1.ats /prog=1

Batch Job Completed Successfully

Batch job completed OK

--------------------------------------------------------------------------------

Program: 
Started: 21:47:33 08-Jul-2024

ASCII Translate

Command Line: /inp=D:/00_CAE_project/202407_02_VirtualStrain_SHEEL/result_gauge_5000_x_0deg_n1.csv /conv=TimeSeries /SetupFile=D:\github\TclPyHyperWorks\01.Project\03.HG2D_Modal_Stress_Super\RSP_1V1.ats /prog=1

Batch Job Completed Successfully

Batch job completed OK

--------------------------------------------------------------------------------

Program: 
Started: 21:57:30 08-Jul-2024

ASCII Translate

Command Line: /inp=D:/00_CAE_project/202407_02_VirtualStrain_SHEEL/result_gauge_5000_x_45deg.csv /conv=TimeSeries /SetupFile=D:\github\TclPyHyperWorks\01.Project\03.HG2D_Modal_Stress_Super\RSP_1V1.ats /prog=1

Batch Job Completed Successfully

Batch job completed OK

--------------------------------------------------------------------------------

Program: 
Started: 22:11:45 08-Jul-2024

ASCII Translate

Command Line: /inp=D:/00_CAE_project/202407_02_VirtualStrain_SHEEL/result_gauge_5000_x_gs2.csv /conv=TimeSeries /SetupFile=D:\github\TclPyHyperWorks\01.Project\03.HG2D_Modal_Stress_Super\RSP_1V1.ats /prog=1

Batch Job Completed Successfully

Batch job completed OK

--------------------------------------------------------------------------------

Program: 
Started: 22:13:51 08-Jul-2024

ASCII Translate

Command Line: /inp=D:/00_CAE_project/202407_02_VirtualStrain_SHEEL/result_gauge_5000_x_45deg_gs2.csv /conv=TimeSeries /SetupFile=D:\github\TclPyHyperWorks\01.Project\03.HG2D_Modal_Stress_Super\RSP_1V1.ats /prog=1

Batch Job Completed Successfully

Batch job completed OK

--------------------------------------------------------------------------------

Program: 
Started: 22:15:31 08-Jul-2024

ASCII Translate

Command Line: /inp=D:/00_CAE_project/202407_02_VirtualStrain_SHEEL/result_gauge_5000_x_45deg_gs1.csv /conv=TimeSeries /SetupFile=D:\github\TclPyHyperWorks\01.Project\03.HG2D_Modal_Stress_Super\RSP_1V1.ats /prog=1

Batch Job Completed Successfully

Batch job completed OK

--------------------------------------------------------------------------------

Program: 
Started: 22:27:25 08-Jul-2024

ASCII Translate

Command Line: /inp=D:/00_CAE_project/202407_02_VirtualStrain_SHEEL/result_gauge_5000_x_45deg_gs1.csv /conv=TimeSeries /SetupFile=D:\github\TclPyHyperWorks\01.Project\03.HG2D_Modal_Stress_Super\RSP_1V1.ats /prog=1

Batch job failed while translating the ascii input file
Translation of Ascii input file failed
Location: NATAsciiReader::TranslateFile
Code: 0x01090643
Conversion of Ascii input file to time series failed
Location: NATAsciiReader::TranslateToTimeSeries
Code: 0x01090649
Files already exist for test : d:\00_CAE_project\202407_02_VirtualStrain_SHEEL\result_gauge_5000_x_45deg_gs1.rsp
Location: NATAsciiReader::CheckOverwrite
Code: 0x01090653

 ** Batch job FAILED

--------------------------------------------------------------------------------

Program: 
Started: 22:28:38 08-Jul-2024

ASCII Translate

Command Line: /inp=D:/00_CAE_project/202407_02_VirtualStrain_SHEEL/result_gauge_5000_x_45deg_gs1_stress.csv /conv=TimeSeries /SetupFile=D:\github\TclPyHyperWorks\01.Project\03.HG2D_Modal_Stress_Super\RSP_1V1.ats /prog=1

Batch Job Completed Successfully

Batch job completed OK

--------------------------------------------------------------------------------

Program: 
Started: 22:28:41 08-Jul-2024

ASCII Translate

Command Line: /inp=D:/00_CAE_project/202407_02_VirtualStrain_SHEEL/result_gauge_5000_x_45deg_gs1_strain.csv /conv=TimeSeries /SetupFile=D:\github\TclPyHyperWorks\01.Project\03.HG2D_Modal_Stress_Super\RSP_1V1.ats /prog=1

Batch Job Completed Successfully

Batch job completed OK

--------------------------------------------------------------------------------

Program: 
Started: 22:40:11 08-Jul-2024

ASCII Translate

Command Line: /inp=D:/00_CAE_project/202407_02_VirtualStrain_SHEEL/result_gauge_5000_x_45deg_gs1_stress.csv /conv=TimeSeries /SetupFile=D:\github\TclPyHyperWorks\01.Project\03.HG2D_Modal_Stress_Super\RSP_1V1.ats /prog=1

Batch Job Completed Successfully

Batch job completed OK

--------------------------------------------------------------------------------

Program: 
Started: 22:40:14 08-Jul-2024

ASCII Translate

Command Line: /inp=D:/00_CAE_project/202407_02_VirtualStrain_SHEEL/result_gauge_5000_x_45deg_gs1_strain.csv /conv=TimeSeries /SetupFile=D:\github\TclPyHyperWorks\01.Project\03.HG2D_Modal_Stress_Super\RSP_1V1.ats /prog=1

Batch Job Completed Successfully

Batch job completed OK

--------------------------------------------------------------------------------

Program: 
Started: 23:06:40 08-Jul-2024

ASCII Translate

Command Line: /inp=D:/00_CAE_project/202407_02_VirtualStrain_SHEEL/result_gauge_5000_x_0deg_gs1_stress.csv /conv=TimeSeries /SetupFile=D:\github\TclPyHyperWorks\01.Project\03.HG2D_Modal_Stress_Super\RSP_1V1.ats /prog=1

Batch Job Completed Successfully

Batch job completed OK

--------------------------------------------------------------------------------

Program: 
Started: 23:06:43 08-Jul-2024

ASCII Translate

Command Line: /inp=D:/00_CAE_project/202407_02_VirtualStrain_SHEEL/result_gauge_5000_x_0deg_gs1_strain.csv /conv=TimeSeries /SetupFile=D:\github\TclPyHyperWorks\01.Project\03.HG2D_Modal_Stress_Super\RSP_1V1.ats /prog=1

Batch Job Completed Successfully

Batch job completed OK

--------------------------------------------------------------------------------

Program: 
Started: 00:13:18 09-Jul-2024

ASCII Translate

Command Line: /inp=D:/00_CAE_project/202407_02_VirtualStrain_SHEEL/result_gauge_5000_x_45deg_gs1_choose_stress.csv /conv=TimeSeries /SetupFile=D:\github\TclPyHyperWorks\01.Project\03.HG2D_Modal_Stress_Super\RSP_1V1.ats /prog=1

Batch Job Completed Successfully

Batch job completed OK

--------------------------------------------------------------------------------

Program: 
Started: 00:13:20 09-Jul-2024

ASCII Translate

Command Line: /inp=D:/00_CAE_project/202407_02_VirtualStrain_SHEEL/result_gauge_5000_x_45deg_gs1_choose_strain.csv /conv=TimeSeries /SetupFile=D:\github\TclPyHyperWorks\01.Project\03.HG2D_Modal_Stress_Super\RSP_1V1.ats /prog=1

Batch Job Completed Successfully

Batch job completed OK

--------------------------------------------------------------------------------

Program: 
Started: 00:15:18 09-Jul-2024

ASCII Translate

Command Line: /inp=D:/00_CAE_project/202407_02_VirtualStrain_SHEEL/result_gauge_5000_x_0deg_gs1_choose_stress.csv /conv=TimeSeries /SetupFile=D:\github\TclPyHyperWorks\01.Project\03.HG2D_Modal_Stress_Super\RSP_1V1.ats /prog=1

Batch Job Completed Successfully

Batch job completed OK

--------------------------------------------------------------------------------

Program: 
Started: 00:15:20 09-Jul-2024

ASCII Translate

Command Line: /inp=D:/00_CAE_project/202407_02_VirtualStrain_SHEEL/result_gauge_5000_x_0deg_gs1_choose_strain.csv /conv=TimeSeries /SetupFile=D:\github\TclPyHyperWorks\01.Project\03.HG2D_Modal_Stress_Super\RSP_1V1.ats /prog=1

Batch Job Completed Successfully

Batch job completed OK
